<?xml version="1.0" encoding="UTF-8"?>
<!-- Generated by org.testng.reporters.JUnitXMLReporter -->
<testsuite ignored="2" hostname="MOHAMMAD" failures="0" tests="5" name="Default test" time="12.619" errors="0" timestamp="2025-11-13T04:02:07 EET">
  <testcase classname="automationexercise.MyTestCases" name="InsertRecord" time="0.059"/>
  <testcase classname="automationexercise.MyTestCases" name="Updatedata" time="0.014"/>
  <testcase classname="automationexercise.MyTestCases" name="ReadData" time="0.133"/>
  <testcase classname="automationexercise.MyTestCases" name="DeleteRecord" time="0.01"/>
  <testcase classname="automationexercise.MyTestCases" name="LoginTest" time="7.793"/>
  <testcase classname="automationexercise.MyTestCases" name="LogoutTest" time="0.0">
    <ignored/>
  </testcase> <!-- LogoutTest -->
  <testcase classname="automationexercise.MyTestCases" name="RegisterAccount" time="0.0">
    <ignored/>
  </testcase> <!-- RegisterAccount -->
</testsuite> <!-- Default test -->
