<?xml version="1.0" encoding="UTF-8"?>
<!-- Generated by org.testng.reporters.JUnitXMLReporter -->
<testsuite ignored="2" hostname="MOHAMMAD" failures="0" tests="8" name="Default test" time="29.309" errors="0" timestamp="2025-11-17T22:00:13 EET">
  <testcase classname="automationexercise.MyTestCases" name="InsertRecord" time="0.017"/>
  <testcase classname="automationexercise.MyTestCases" name="Updatedata" time="0.005"/>
  <testcase classname="automationexercise.MyTestCases" name="ReadData" time="0.049"/>
  <testcase classname="automationexercise.MyTestCases" name="DeleteRecord" time="0.008"/>
  <testcase classname="automationexercise.MyTestCases" name="LoginTest" time="7.204"/>
  <testcase classname="automationexercise.MyTestCases" name="SearchProduct" time="2.853"/>
  <testcase classname="automationexercise.MyTestCases" name="AddRandomProductTest" time="7.58"/>
  <testcase classname="automationexercise.MyTestCases" name="CheckoutTest" time="7.496"/>
  <testcase classname="automationexercise.MyTestCases" name="LogoutTest" time="0.0">
    <ignored/>
  </testcase> <!-- LogoutTest -->
  <testcase classname="automationexercise.MyTestCases" name="RegisterAccount" time="0.0">
    <ignored/>
  </testcase> <!-- RegisterAccount -->
</testsuite> <!-- Default test -->
