<?xml version="1.0" encoding="UTF-8"?>
<!-- Generated by org.testng.reporters.JUnitReportReporter -->
<testsuite hostname="MOHAMMAD" failures="0" tests="7" name="automationexercise.MyTestCases" time="8.009" errors="0" timestamp="2025-11-13T04:02:07 EET" skipped="2">
  <testcase classname="automationexercise.MyTestCases" name="InsertRecord" time="0.059"/>
  <testcase classname="automationexercise.MyTestCases" name="Updatedata" time="0.014"/>
  <testcase classname="automationexercise.MyTestCases" name="ReadData" time="0.133"/>
  <testcase classname="automationexercise.MyTestCases" name="DeleteRecord" time="0.010"/>
  <testcase classname="automationexercise.MyTestCases" name="LoginTest" time="7.793"/>
  <testcase classname="automationexercise.MyTestCases" name="LogoutTest">
    <skipped/>
  </testcase> <!-- LogoutTest -->
  <testcase classname="automationexercise.MyTestCases" name="RegisterAccount">
    <skipped/>
  </testcase> <!-- RegisterAccount -->
</testsuite> <!-- automationexercise.MyTestCases -->
