<?xml version="1.0" encoding="UTF-8"?>
<!-- Generated by org.testng.reporters.JUnitReportReporter -->
<testsuite hostname="MOHAMMAD" failures="0" tests="10" name="automationexercise.MyTestCases" time="37.929" errors="0" timestamp="2025-11-17T22:23:26 EET" skipped="2">
  <testcase classname="automationexercise.MyTestCases" name="InsertRecord" time="0.060"/>
  <testcase classname="automationexercise.MyTestCases" name="Updatedata" time="0.010"/>
  <testcase classname="automationexercise.MyTestCases" name="ReadData" time="0.124"/>
  <testcase classname="automationexercise.MyTestCases" name="DeleteRecord" time="0.007"/>
  <testcase classname="automationexercise.MyTestCases" name="LoginTest" time="10.271"/>
  <testcase classname="automationexercise.MyTestCases" name="SearchProduct" time="8.758"/>
  <testcase classname="automationexercise.MyTestCases" name="AddRandomProductTest" time="9.844"/>
  <testcase classname="automationexercise.MyTestCases" name="CheckoutTest" time="8.855"/>
  <testcase classname="automationexercise.MyTestCases" name="RegisterAccount">
    <skipped/>
  </testcase> <!-- RegisterAccount -->
  <testcase classname="automationexercise.MyTestCases" name="LogoutTest">
    <skipped/>
  </testcase> <!-- LogoutTest -->
</testsuite> <!-- automationexercise.MyTestCases -->
