<?xml version="1.0" encoding="UTF-8"?>
<!-- Generated by org.testng.reporters.JUnitReportReporter -->
<testsuite hostname="MOHAMMAD" failures="0" tests="10" name="Tools.TestScripts" time="71.583" errors="0" timestamp="2025-11-12T21:57:53 EET" skipped="2">
  <testcase classname="Tools.TestScripts" name="AddRecord" time="0.055"/>
  <testcase classname="Tools.TestScripts" name="UpdateRecord" time="0.014"/>
  <testcase classname="Tools.TestScripts" name="ReadData" time="0.081"/>
  <testcase classname="Tools.TestScripts" name="DeleteRecord" time="0.010"/>
  <testcase classname="Tools.TestScripts" name="SignUpTest" time="5.706"/>
  <testcase classname="Tools.TestScripts" name="LoginTest" time="2.815"/>
  <testcase classname="Tools.TestScripts" name="AddTools" time="46.935"/>
  <testcase classname="Tools.TestScripts" name="checkoutTest" time="15.967"/>
  <testcase classname="Tools.TestScripts" name="LoginTestAfterChangePassword">
    <skipped/>
  </testcase> <!-- LoginTestAfterChangePassword -->
  <testcase classname="Tools.TestScripts" name="setNewPassword">
    <skipped/>
  </testcase> <!-- setNewPassword -->
</testsuite> <!-- Tools.TestScripts -->
